Determining if the pthread_create exist failed with the following output:
Change Dir: /capstone/ros/build/CMakeFiles/CMakeTmp

Run Build Command:"/usr/bin/make" "cmTC_1db64/fast"
/usr/bin/make -f CMakeFiles/cmTC_1db64.dir/build.make CMakeFiles/cmTC_1db64.dir/build
make[1]: Entering directory '/capstone/ros/build/CMakeFiles/CMakeTmp'
Building C object CMakeFiles/cmTC_1db64.dir/CheckSymbolExists.c.o
/usr/bin/cc     -o CMakeFiles/cmTC_1db64.dir/CheckSymbolExists.c.o   -c /capstone/ros/build/CMakeFiles/CMakeTmp/CheckSymbolExists.c
Linking C executable cmTC_1db64
/usr/bin/cmake -E cmake_link_script CMakeFiles/cmTC_1db64.dir/link.txt --verbose=1
/usr/bin/cc       CMakeFiles/cmTC_1db64.dir/CheckSymbolExists.c.o  -o cmTC_1db64 -rdynamic 
CMakeFiles/cmTC_1db64.dir/CheckSymbolExists.c.o: In function `main':
CheckSymbolExists.c:(.text+0x16): undefined reference to `pthread_create'
collect2: error: ld returned 1 exit status
CMakeFiles/cmTC_1db64.dir/build.make:97: recipe for target 'cmTC_1db64' failed
make[1]: *** [cmTC_1db64] Error 1
make[1]: Leaving directory '/capstone/ros/build/CMakeFiles/CMakeTmp'
Makefile:126: recipe for target 'cmTC_1db64/fast' failed
make: *** [cmTC_1db64/fast] Error 2

File /capstone/ros/build/CMakeFiles/CMakeTmp/CheckSymbolExists.c:
/* */
#include <pthread.h>

int main(int argc, char** argv)
{
  (void)argv;
#ifndef pthread_create
  return ((int*)(&pthread_create))[argc];
#else
  (void)argc;
  return 0;
#endif
}

Determining if the function pthread_create exists in the pthreads failed with the following output:
Change Dir: /capstone/ros/build/CMakeFiles/CMakeTmp

Run Build Command:"/usr/bin/make" "cmTC_b91be/fast"
/usr/bin/make -f CMakeFiles/cmTC_b91be.dir/build.make CMakeFiles/cmTC_b91be.dir/build
make[1]: Entering directory '/capstone/ros/build/CMakeFiles/CMakeTmp'
Building C object CMakeFiles/cmTC_b91be.dir/CheckFunctionExists.c.o
/usr/bin/cc    -DCHECK_FUNCTION_EXISTS=pthread_create   -o CMakeFiles/cmTC_b91be.dir/CheckFunctionExists.c.o   -c /usr/share/cmake-3.5/Modules/CheckFunctionExists.c
Linking C executable cmTC_b91be
/usr/bin/cmake -E cmake_link_script CMakeFiles/cmTC_b91be.dir/link.txt --verbose=1
/usr/bin/cc   -DCHECK_FUNCTION_EXISTS=pthread_create    CMakeFiles/cmTC_b91be.dir/CheckFunctionExists.c.o  -o cmTC_b91be -rdynamic -lpthreads 
/usr/bin/ld: cannot find -lpthreads
collect2: error: ld returned 1 exit status
CMakeFiles/cmTC_b91be.dir/build.make:97: recipe for target 'cmTC_b91be' failed
make[1]: *** [cmTC_b91be] Error 1
make[1]: Leaving directory '/capstone/ros/build/CMakeFiles/CMakeTmp'
Makefile:126: recipe for target 'cmTC_b91be/fast' failed
make: *** [cmTC_b91be/fast] Error 2


